[35m[1mScanning dependencies of target HuskyHighlevelController[0m
[ 20%] [32mBuilding CXX object CMakeFiles/HuskyHighlevelController.dir/src/HuskyHighlevelController.cpp.o[0m
[01m[K/home/ines/catkin_ws/src/husky_highlevel_controller/src/HuskyHighlevelController.cpp:14:6:[m[K [01;31m[Kerror: [m[Kâ€˜[01m[KHuskyHighLevelController[m[Kâ€™ has not been declared
 void [01;31m[KHuskyHighLevelController[m[K::laser_scan_Callback(const sensor_msgs::LaserScan::ConstPtr& laser_scan_msgs){
      [01;31m[K^~~~~~~~~~~~~~~~~~~~~~~~[m[K
[01m[K/home/ines/catkin_ws/src/husky_highlevel_controller/src/HuskyHighlevelController.cpp:[m[K In function â€˜[01m[Kvoid husky_highlevel_controller::laser_scan_Callback(const ConstPtr&)[m[Kâ€™:
[01m[K/home/ines/catkin_ws/src/husky_highlevel_controller/src/HuskyHighlevelController.cpp:15:3:[m[K [01;31m[Kerror: [m[Kâ€˜[01m[KminDistance[m[Kâ€™ was not declared in this scope
   [01;31m[KminDistance[m[K = 30;
   [01;31m[K^~~~~~~~~~~[m[K
[01m[K/home/ines/catkin_ws/src/husky_highlevel_controller/src/HuskyHighlevelController.cpp:15:3:[m[K [01;36m[Knote: [m[Ksuggested alternative: â€˜[01m[Kinitstate[m[Kâ€™
   [01;36m[KminDistance[m[K = 30;
   [01;36m[K^~~~~~~~~~~[m[K
   [32m[Kinitstate[m[K
[01m[K/home/ines/catkin_ws/src/husky_highlevel_controller/src/HuskyHighlevelController.cpp:16:3:[m[K [01;31m[Kerror: [m[Kâ€˜[01m[Kdirection_index[m[Kâ€™ was not declared in this scope
   [01;31m[Kdirection_index[m[K = 0;
   [01;31m[K^~~~~~~~~~~~~~~[m[K
[01m[K/home/ines/catkin_ws/src/husky_highlevel_controller/src/HuskyHighlevelController.cpp:16:3:[m[K [01;36m[Knote: [m[Ksuggested alternative: â€˜[01m[K__builtin_index[m[Kâ€™
   [01;36m[Kdirection_index[m[K = 0;
   [01;36m[K^~~~~~~~~~~~~~~[m[K
   [32m[K__builtin_index[m[K
[01m[K/home/ines/catkin_ws/src/husky_highlevel_controller/src/HuskyHighlevelController.cpp:17:3:[m[K [01;31m[Kerror: [m[Kâ€˜[01m[Klaser_scan_distance[m[Kâ€™ was not declared in this scope
   [01;31m[Klaser_scan_distance[m[K=laser_scan_msgs->ranges;
   [01;31m[K^~~~~~~~~~~~~~~~~~~[m[K
[01m[K/home/ines/catkin_ws/src/husky_highlevel_controller/src/HuskyHighlevelController.cpp:17:3:[m[K [01;36m[Knote: [m[Ksuggested alternative: â€˜[01m[Klaser_scan_msgs[m[Kâ€™
   [01;36m[Klaser_scan_distance[m[K=laser_scan_msgs->ranges;
   [01;36m[K^~~~~~~~~~~~~~~~~~~[m[K
   [32m[Klaser_scan_msgs[m[K
CMakeFiles/HuskyHighlevelController.dir/build.make:62: recipe for target 'CMakeFiles/HuskyHighlevelController.dir/src/HuskyHighlevelController.cpp.o' failed
make[2]: *** [CMakeFiles/HuskyHighlevelController.dir/src/HuskyHighlevelController.cpp.o] Error 1
CMakeFiles/Makefile2:808: recipe for target 'CMakeFiles/HuskyHighlevelController.dir/all' failed
make[1]: *** [CMakeFiles/HuskyHighlevelController.dir/all] Error 2
Makefile:140: recipe for target 'all' failed
make: *** [all] Error 2
