[01m[K/home/ines/catkin_ws/src/husky_highlevel_controller/src/MoveRobot.cpp:[m[K In member function â€˜[01m[Kvoid husky_highlevel_controller::MoveRobot::moveCallback(const ConstPtr&)[m[Kâ€™:
[01m[K/home/ines/catkin_ws/src/husky_highlevel_controller/src/MoveRobot.cpp:15:43:[m[K [01;31m[Kerror: [m[Kâ€˜[01m[Kconst struct sensor_msgs::LaserScan_<std::allocator<void> >[m[Kâ€™ has no member named â€˜[01m[Khader[m[Kâ€™; did you mean â€˜[01m[Kheader[m[Kâ€™?
         scan.header.frame_id = moveRobot->[01;31m[Khader[m[K.frame_id;
                                           [01;31m[K^~~~~[m[K
                                           [32m[Kheader[m[K
[01m[K/home/ines/catkin_ws/src/husky_highlevel_controller/src/MoveRobot.cpp:25:28:[m[K [01;31m[Kerror: [m[Kinvalid operands of types â€˜[01m[Kboost::detail::sp_array_access<const sensor_msgs::LaserScan_<std::allocator<void> > >::type {aka void}[m[Kâ€™ and â€˜[01m[Kint[m[Kâ€™ to binary â€˜[01m[Koperator>[m[Kâ€™
             if([01;31m[KmoveRobot[i]>30[m[K){
                [01;31m[K~~~~~~~~~~~~^~~[m[K
make[2]: *** [CMakeFiles/husky_highlevel_controller.dir/src/MoveRobot.cpp.o] Error 1
make[1]: *** [CMakeFiles/husky_highlevel_controller.dir/all] Error 2
make: *** [all] Error 2
