In file included from [01m[K/home/ines/catkin_ws/src/husky_highlevel_controller/src/husky_highlevel_controller_node.cpp:3:0[m[K:
[01m[K/home/ines/catkin_ws/src/husky_highlevel_controller/include/husky_highlevel_controller/MoveRobot.hpp:15:80:[m[K [01;31m[Kerror: [m[Kexpected â€˜[01m[K;[m[Kâ€™ at end of member declaration
             void moveCallback(const sensor_msgs::LaserScan::ConstPtr& moveRobot[01;31m[K)[m[K
                                                                                [01;31m[K^[m[K
[01m[K/home/ines/catkin_ws/src/husky_highlevel_controller/include/husky_highlevel_controller/MoveRobot.hpp:21:6:[m[K [01;31m[Kerror: [m[Kexpected â€˜[01m[K;[m[Kâ€™ after class definition
     }
      [01;31m[K^[m[K
      [32m[K;[m[K
make[2]: *** [CMakeFiles/husky_highlevel_controller.dir/src/husky_highlevel_controller_node.cpp.o] Error 1
make[1]: *** [CMakeFiles/husky_highlevel_controller.dir/all] Error 2
make: *** [all] Error 2
