[01m[K/home/ines/catkin_ws/src/husky_highlevel_controller/src/HuskyHighlevelController.cpp:[m[K In member function â€˜[01m[Kvoid husky_highlevel_controller::HuskyHighlevelController::laser_scan_Callback(const ConstPtr&)[m[Kâ€™:
[01m[K/home/ines/catkin_ws/src/husky_highlevel_controller/src/HuskyHighlevelController.cpp:31:38:[m[K [01;31m[Kerror: [m[Kâ€˜[01m[Kconst ConstPtr {aka const class boost::shared_ptr<const sensor_msgs::LaserScan_<std::allocator<void> > >}[m[Kâ€™ has no member named â€˜[01m[Kangle_min[m[Kâ€™
       pillarAngle = (laser_scan_msgs.[01;31m[Kangle_min[m[K + i * laser_scan_msgs.angle_increment);
                                      [01;31m[K^~~~~~~~~[m[K
[01m[K/home/ines/catkin_ws/src/husky_highlevel_controller/src/HuskyHighlevelController.cpp:31:70:[m[K [01;31m[Kerror: [m[Kâ€˜[01m[Kconst ConstPtr {aka const class boost::shared_ptr<const sensor_msgs::LaserScan_<std::allocator<void> > >}[m[Kâ€™ has no member named â€˜[01m[Kangle_increment[m[Kâ€™
       pillarAngle = (laser_scan_msgs.angle_min + i * laser_scan_msgs.[01;31m[Kangle_increment[m[K);
                                                                      [01;31m[K^~~~~~~~~~~~~~~[m[K
make[2]: *** [CMakeFiles/husky_highlevel_controller.dir/src/HuskyHighlevelController.cpp.o] Error 1
make[1]: *** [CMakeFiles/husky_highlevel_controller.dir/all] Error 2
make: *** [all] Error 2
